<?xml version="1.0" encoding="UTF-8"?>
<testsuite name="SmokeTest"
           tests="3"
           failures="0"
           errors="0"
           skipped="0"
           time="0.003">
  <properties />
  
  
            <testcase name="TC1" time="0.001" classname="com.testcases.Smoke.FirstTest" />
                <testcase name="TC2" time="0.001" classname="com.testcases.Smoke.FirstTest" />
                <testcase name="TC3" time="0.001" classname="com.testcases.Smoke.FirstTest" />
      
</testsuite>
