<?xml version="1.0" encoding="UTF-8"?>
<testsuite name="ChromeRegressionTest"
           tests="3"
           failures="0"
           errors="0"
           skipped="0"
           time="0.000">
  <properties />
  
  
            <testcase name="TC6" time="0.000" classname="com.testcases.Regression.SecondTest" />
                <testcase name="TC4" time="0.000" classname="com.testcases.Regression.SecondTest" />
                <testcase name="TC5" time="0.000" classname="com.testcases.Regression.SecondTest" />
      
</testsuite>
