<?xml version="1.0" encoding="UTF-8"?>
<!-- Generated by org.testng.reporters.JUnitXMLReporter -->
<testsuite ignored="2" hostname="LAPTOP-H00KO0QQ" failures="0" tests="1" name="Default test" time="0.03" errors="0" timestamp="09 Oct 2020 02:06:44 GMT">
  <testcase classname="com.testcases.Smoke.SecondTest" name="TC4" time="0.008"/>
  <testcase classname="com.testcases.Smoke.SecondTest" name="TC5" time="0.0">
    <ignored/>
  </testcase> <!-- TC5 -->
  <testcase classname="com.testcases.Smoke.SecondTest" name="TC6" time="0.0">
    <ignored/>
  </testcase> <!-- TC6 -->
</testsuite> <!-- Default test -->
