<?xml version="1.0" encoding="UTF-8"?>
<!-- Generated by org.testng.reporters.JUnitXMLReporter -->
<testsuite hostname="LAPTOP-H00KO0QQ" ignored="10" name="ChromeRegressionTest" tests="8" failures="0" timestamp="13 Oct 2020 13:12:45 GMT" time="0.041" errors="0">
  <testcase name="TC1" time="0.009" classname="com.testcases.Regression.FirstTest"/>
  <testcase name="TC3" time="0.0" classname="com.testcases.Regression.FirstTest"/>
  <testcase name="TC4" time="0.0" classname="com.testcases.Regression.SecondTest"/>
  <testcase name="TC5" time="0.0" classname="com.testcases.Regression.SecondTest"/>
  <testcase name="TC6" time="0.0" classname="com.testcases.Regression.SecondTest"/>
  <testcase name="TC7" time="0.0" classname="com.testcases.Regression.ThirdTest"/>
  <testcase name="TC8" time="0.0" classname="com.testcases.Regression.ThirdTest"/>
  <testcase name="TC9" time="0.0" classname="com.testcases.Regression.ThirdTest"/>
  <testcase name="TC3" time="0.0" classname="com.testcases.Smoke.FirstTest">
    <ignored/>
  </testcase> <!-- TC3 -->
  <testcase name="TC1" time="0.0" classname="com.testcases.Smoke.FirstTest">
    <ignored/>
  </testcase> <!-- TC1 -->
  <testcase name="TC2" time="0.0" classname="com.testcases.Smoke.FirstTest">
    <ignored/>
  </testcase> <!-- TC2 -->
  <testcase name="TC5" time="0.0" classname="com.testcases.Smoke.SecondTest">
    <ignored/>
  </testcase> <!-- TC5 -->
  <testcase name="TC7" time="0.0" classname="com.testcases.Smoke.ThirdTest">
    <ignored/>
  </testcase> <!-- TC7 -->
  <testcase name="TC4" time="0.0" classname="com.testcases.Smoke.SecondTest">
    <ignored/>
  </testcase> <!-- TC4 -->
  <testcase name="TC9" time="0.0" classname="com.testcases.Smoke.ThirdTest">
    <ignored/>
  </testcase> <!-- TC9 -->
  <testcase name="TC6" time="0.0" classname="com.testcases.Smoke.SecondTest">
    <ignored/>
  </testcase> <!-- TC6 -->
  <testcase name="TC8" time="0.0" classname="com.testcases.Smoke.ThirdTest">
    <ignored/>
  </testcase> <!-- TC8 -->
  <testcase name="TC2" time="0.0" classname="com.testcases.Regression.FirstTest">
    <ignored/>
  </testcase> <!-- TC2 -->
</testsuite> <!-- ChromeRegressionTest -->
