<?xml version="1.0" encoding="UTF-8"?>
<!-- Generated by org.testng.reporters.JUnitXMLReporter -->
<testsuite ignored="10" hostname="LAPTOP-H00KO0QQ" failures="0" tests="8" name="ChromeRegressionTest" time="0.049" errors="0" timestamp="12 Oct 2020 16:19:45 GMT">
  <testcase classname="com.testcases.Regression.FirstTest" name="TC1" time="0.009"/>
  <testcase classname="com.testcases.Regression.FirstTest" name="TC3" time="0.001"/>
  <testcase classname="com.testcases.Regression.SecondTest" name="TC4" time="0.001"/>
  <testcase classname="com.testcases.Regression.SecondTest" name="TC5" time="0.001"/>
  <testcase classname="com.testcases.Regression.SecondTest" name="TC6" time="0.001"/>
  <testcase classname="com.testcases.Regression.ThirdTest" name="TC7" time="0.001"/>
  <testcase classname="com.testcases.Regression.ThirdTest" name="TC8" time="0.001"/>
  <testcase classname="com.testcases.Regression.ThirdTest" name="TC9" time="0.001"/>
  <testcase classname="com.testcases.Smoke.FirstTest" name="TC3" time="0.0">
    <ignored/>
  </testcase> <!-- TC3 -->
  <testcase classname="com.testcases.Smoke.FirstTest" name="TC1" time="0.0">
    <ignored/>
  </testcase> <!-- TC1 -->
  <testcase classname="com.testcases.Smoke.FirstTest" name="TC2" time="0.0">
    <ignored/>
  </testcase> <!-- TC2 -->
  <testcase classname="com.testcases.Smoke.SecondTest" name="TC5" time="0.0">
    <ignored/>
  </testcase> <!-- TC5 -->
  <testcase classname="com.testcases.Smoke.ThirdTest" name="TC7" time="0.0">
    <ignored/>
  </testcase> <!-- TC7 -->
  <testcase classname="com.testcases.Smoke.SecondTest" name="TC4" time="0.0">
    <ignored/>
  </testcase> <!-- TC4 -->
  <testcase classname="com.testcases.Smoke.ThirdTest" name="TC9" time="0.0">
    <ignored/>
  </testcase> <!-- TC9 -->
  <testcase classname="com.testcases.Smoke.SecondTest" name="TC6" time="0.0">
    <ignored/>
  </testcase> <!-- TC6 -->
  <testcase classname="com.testcases.Smoke.ThirdTest" name="TC8" time="0.0">
    <ignored/>
  </testcase> <!-- TC8 -->
  <testcase classname="com.testcases.Regression.FirstTest" name="TC2" time="0.0">
    <ignored/>
  </testcase> <!-- TC2 -->
</testsuite> <!-- ChromeRegressionTest -->
