<?xml version="1.0" encoding="UTF-8"?>
<testsuite xmlns:xsi="http://www.w3.org/2001/XMLSchema-instance" xsi:noNamespaceSchemaLocation="https://maven.apache.org/surefire/maven-surefire-plugin/xsd/surefire-test-report-3.0.xsd" version="3.0" name="TestSuite" time="0.685" tests="8" errors="0" skipped="0" failures="0">
  <properties>
[...]
</properties>
  <testcase name="TC1" classname="com.testcases.Regression.FirstTest" time="0.012">
    <system-out><![CDATA[RegFirstTestCase
]]></system-out>
  </testcase>
  <testcase name="TC3" classname="com.testcases.Regression.FirstTest" time="0.002">
    <system-out><![CDATA[RegThirdTestCase
]]></system-out>
  </testcase>
  <testcase name="TC4" classname="com.testcases.Regression.SecondTest" time="0.001">
    <system-out><![CDATA[RegFourthTestCase
]]></system-out>
  </testcase>
  <testcase name="TC5" classname="com.testcases.Regression.SecondTest" time="0.002">
    <system-out><![CDATA[RegFifthTestCase
]]></system-out>
  </testcase>
  <testcase name="TC6" classname="com.testcases.Regression.SecondTest" time="0.002">
    <system-out><![CDATA[RegSixthTestCase
]]></system-out>
  </testcase>
  <testcase name="TC7" classname="com.testcases.Regression.ThirdTest" time="0.001">
    <system-out><![CDATA[RegSeventhTestCase
]]></system-out>
  </testcase>
  <testcase name="TC8" classname="com.testcases.Regression.ThirdTest" time="0.003">
    <system-out><![CDATA[RegEighthTestCase
]]></system-out>
  </testcase>
  <testcase name="TC9" classname="com.testcases.Regression.ThirdTest" time="0">
    <system-out><![CDATA[RegninethTestCase
]]></system-out>
  </testcase>
</testsuite>