<?xml version="1.0" encoding="UTF-8"?>
<!-- Generated by org.testng.reporters.JUnitXMLReporter -->
<testsuite ignored="8" hostname="LAPTOP-H00KO0QQ" failures="0" tests="10" name="SmokeTest" time="0.022" errors="0" timestamp="12 Oct 2020 15:00:16 GMT">
  <testcase classname="com.testcases.Regression.FirstTest" name="TC2" time="0.002"/>
  <testcase classname="com.testcases.Smoke.FirstTest" name="TC1" time="0.001"/>
  <testcase classname="com.testcases.Smoke.FirstTest" name="TC2" time="0.001"/>
  <testcase classname="com.testcases.Smoke.FirstTest" name="TC3" time="0.001"/>
  <testcase classname="com.testcases.Smoke.SecondTest" name="TC4" time="0.001"/>
  <testcase classname="com.testcases.Smoke.SecondTest" name="TC5" time="0.001"/>
  <testcase classname="com.testcases.Smoke.SecondTest" name="TC6" time="0.001"/>
  <testcase classname="com.testcases.Smoke.ThirdTest" name="TC7" time="0.001"/>
  <testcase classname="com.testcases.Smoke.ThirdTest" name="TC8" time="0.001"/>
  <testcase classname="com.testcases.Smoke.ThirdTest" name="TC9" time="0.0"/>
  <testcase classname="com.testcases.Regression.ThirdTest" name="TC8" time="0.0">
    <ignored/>
  </testcase> <!-- TC8 -->
  <testcase classname="com.testcases.Regression.SecondTest" name="TC5" time="0.0">
    <ignored/>
  </testcase> <!-- TC5 -->
  <testcase classname="com.testcases.Regression.SecondTest" name="TC6" time="0.0">
    <ignored/>
  </testcase> <!-- TC6 -->
  <testcase classname="com.testcases.Regression.SecondTest" name="TC4" time="0.0">
    <ignored/>
  </testcase> <!-- TC4 -->
  <testcase classname="com.testcases.Regression.FirstTest" name="TC1" time="0.0">
    <ignored/>
  </testcase> <!-- TC1 -->
  <testcase classname="com.testcases.Regression.ThirdTest" name="TC7" time="0.0">
    <ignored/>
  </testcase> <!-- TC7 -->
  <testcase classname="com.testcases.Regression.FirstTest" name="TC3" time="0.0">
    <ignored/>
  </testcase> <!-- TC3 -->
  <testcase classname="com.testcases.Regression.ThirdTest" name="TC9" time="0.0">
    <ignored/>
  </testcase> <!-- TC9 -->
</testsuite> <!-- SmokeTest -->
