<?xml version="1.0" encoding="UTF-8"?>
<!-- Generated by org.testng.reporters.JUnitXMLReporter -->
<testsuite ignored="0" hostname="LAPTOP-H00KO0QQ" failures="0" tests="9" name="Smoke" time="0.018" errors="0" timestamp="12 Oct 2020 14:15:15 GMT">
  <testcase classname="com.testcases.Smoke.FirstTest" name="TC1" time="0.001"/>
  <testcase classname="com.testcases.Smoke.FirstTest" name="TC2" time="0.001"/>
  <testcase classname="com.testcases.Smoke.FirstTest" name="TC3" time="0.001"/>
  <testcase classname="com.testcases.Smoke.SecondTest" name="TC4" time="0.001"/>
  <testcase classname="com.testcases.Smoke.SecondTest" name="TC5" time="0.0"/>
  <testcase classname="com.testcases.Smoke.SecondTest" name="TC6" time="0.001"/>
  <testcase classname="com.testcases.Smoke.ThirdTest" name="TC7" time="0.001"/>
  <testcase classname="com.testcases.Smoke.ThirdTest" name="TC8" time="0.001"/>
  <testcase classname="com.testcases.Smoke.ThirdTest" name="TC9" time="0.001"/>
</testsuite> <!-- Smoke -->
